{"C:\\Users\\Korisnik\\Desktop\\Authorization\\ABAC\\server\\src\\app.ts": {"path":"C:\\Users\\Korisnik\\Desktop\\Authorization\\ABAC\\server\\src\\app.ts","statementMap":{"0":{"start":{"line":1,"column":0},"end":{"line":1,"column":30}},"1":{"start":{"line":2,"column":0},"end":{"line":2,"column":45}},"2":{"start":{"line":3,"column":0},"end":{"line":3,"column":55}},"3":{"start":{"line":5,"column":12},"end":{"line":5,"column":21}},"4":{"start":{"line":7,"column":0},"end":{"line":7,"column":24}},"5":{"start":{"line":8,"column":0},"end":{"line":8,"column":29}},"6":{"start":{"line":9,"column":0},"end":{"line":9,"column":39}},"7":{"start":{"line":11,"column":0},"end":{"line":11,"column":19}}},"fnMap":{},"branchMap":{},"s":{"0":1,"1":1,"2":1,"3":1,"4":1,"5":1,"6":1,"7":1},"f":{},"b":{}}
,"C:\\Users\\Korisnik\\Desktop\\Authorization\\ABAC\\server\\src\\controllers\\authController.ts": {"path":"C:\\Users\\Korisnik\\Desktop\\Authorization\\ABAC\\server\\src\\controllers\\authController.ts","statementMap":{"0":{"start":{"line":1,"column":0},"end":{"line":1,"column":66}},"1":{"start":{"line":3,"column":0},"end":{"line":3,"column":48}},"2":{"start":{"line":4,"column":0},"end":{"line":4,"column":28}},"3":{"start":{"line":5,"column":0},"end":{"line":5,"column":16}},"4":{"start":{"line":7,"column":24},"end":{"line":23,"column":1}},"5":{"start":{"line":8,"column":45},"end":{"line":8,"column":53}},"6":{"start":{"line":10,"column":2},"end":{"line":13,"column":3}},"7":{"start":{"line":11,"column":4},"end":{"line":11,"column":77}},"8":{"start":{"line":12,"column":4},"end":{"line":12,"column":11}},"9":{"start":{"line":15,"column":19},"end":{"line":15,"column":47}},"10":{"start":{"line":16,"column":2},"end":{"line":19,"column":3}},"11":{"start":{"line":17,"column":4},"end":{"line":17,"column":62}},"12":{"start":{"line":18,"column":4},"end":{"line":18,"column":11}},"13":{"start":{"line":21,"column":2},"end":{"line":21,"column":64}},"14":{"start":{"line":22,"column":2},"end":{"line":22,"column":56}},"15":{"start":{"line":7,"column":13},"end":{"line":7,"column":24}},"16":{"start":{"line":25,"column":21},"end":{"line":52,"column":1}},"17":{"start":{"line":26,"column":33},"end":{"line":26,"column":41}},"18":{"start":{"line":28,"column":15},"end":{"line":28,"column":43}},"19":{"start":{"line":29,"column":2},"end":{"line":32,"column":3}},"20":{"start":{"line":30,"column":4},"end":{"line":30,"column":62}},"21":{"start":{"line":31,"column":4},"end":{"line":31,"column":11}},"22":{"start":{"line":34,"column":17},"end":{"line":34,"column":39}},"23":{"start":{"line":35,"column":2},"end":{"line":37,"column":3}},"24":{"start":{"line":36,"column":4},"end":{"line":36,"column":47}},"25":{"start":{"line":39,"column":18},"end":{"line":42,"column":4}},"26":{"start":{"line":44,"column":31},"end":{"line":47,"column":4}},"27":{"start":{"line":49,"column":16},"end":{"line":49,"column":50}},"28":{"start":{"line":51,"column":2},"end":{"line":51,"column":63}},"29":{"start":{"line":25,"column":13},"end":{"line":25,"column":21}}},"fnMap":{"0":{"name":"(anonymous_1)","decl":{"start":{"line":7,"column":24},"end":{"line":7,"column":25}},"loc":{"start":{"line":7,"column":62},"end":{"line":23,"column":1}}},"1":{"name":"(anonymous_2)","decl":{"start":{"line":25,"column":21},"end":{"line":25,"column":22}},"loc":{"start":{"line":25,"column":59},"end":{"line":52,"column":1}}}},"branchMap":{"0":{"loc":{"start":{"line":10,"column":2},"end":{"line":13,"column":3}},"type":"if","locations":[{"start":{"line":10,"column":2},"end":{"line":13,"column":3}},{"start":{},"end":{}}]},"1":{"loc":{"start":{"line":10,"column":6},"end":{"line":10,"column":28}},"type":"binary-expr","locations":[{"start":{"line":10,"column":6},"end":{"line":10,"column":15}},{"start":{"line":10,"column":19},"end":{"line":10,"column":28}}]},"2":{"loc":{"start":{"line":16,"column":2},"end":{"line":19,"column":3}},"type":"if","locations":[{"start":{"line":16,"column":2},"end":{"line":19,"column":3}},{"start":{},"end":{}}]},"3":{"loc":{"start":{"line":21,"column":44},"end":{"line":21,"column":60}},"type":"binary-expr","locations":[{"start":{"line":21,"column":44},"end":{"line":21,"column":54}},{"start":{"line":21,"column":58},"end":{"line":21,"column":60}}]},"4":{"loc":{"start":{"line":29,"column":2},"end":{"line":32,"column":3}},"type":"if","locations":[{"start":{"line":29,"column":2},"end":{"line":32,"column":3}},{"start":{},"end":{}}]},"5":{"loc":{"start":{"line":29,"column":6},"end":{"line":29,"column":41}},"type":"binary-expr","locations":[{"start":{"line":29,"column":6},"end":{"line":29,"column":11}},{"start":{"line":29,"column":15},"end":{"line":29,"column":41}}]},"6":{"loc":{"start":{"line":35,"column":2},"end":{"line":37,"column":3}},"type":"if","locations":[{"start":{"line":35,"column":2},"end":{"line":37,"column":3}},{"start":{},"end":{}}]},"7":{"loc":{"start":{"line":45,"column":16},"end":{"line":46,"column":10}},"type":"binary-expr","locations":[{"start":{"line":45,"column":16},"end":{"line":45,"column":42}},{"start":{"line":46,"column":6},"end":{"line":46,"column":10}}]}},"s":{"0":2,"1":2,"2":2,"3":2,"4":2,"5":4,"6":4,"7":0,"8":0,"9":4,"10":4,"11":1,"12":1,"13":3,"14":3,"15":2,"16":2,"17":4,"18":4,"19":4,"20":1,"21":1,"22":3,"23":3,"24":0,"25":3,"26":3,"27":3,"28":3,"29":2},"f":{"0":4,"1":4},"b":{"0":[0,4],"1":[4,4],"2":[1,3],"3":[3,0],"4":[1,3],"5":[4,3],"6":[0,3],"7":[3,0]}}
,"C:\\Users\\Korisnik\\Desktop\\Authorization\\ABAC\\server\\src\\middleware\\abacMiddleware.ts": {"path":"C:\\Users\\Korisnik\\Desktop\\Authorization\\ABAC\\server\\src\\middleware\\abacMiddleware.ts","statementMap":{"0":{"start":{"line":19,"column":30},"end":{"line":40,"column":1}},"1":{"start":{"line":20,"column":2},"end":{"line":39,"column":4}},"2":{"start":{"line":21,"column":4},"end":{"line":21,"column":54}},"3":{"start":{"line":22,"column":4},"end":{"line":22,"column":46}},"4":{"start":{"line":24,"column":17},"end":{"line":24,"column":25}},"5":{"start":{"line":26,"column":4},"end":{"line":29,"column":5}},"6":{"start":{"line":27,"column":6},"end":{"line":27,"column":70}},"7":{"start":{"line":28,"column":6},"end":{"line":28,"column":13}},"8":{"start":{"line":31,"column":4},"end":{"line":36,"column":5}},"9":{"start":{"line":32,"column":6},"end":{"line":34,"column":70}},"10":{"start":{"line":35,"column":6},"end":{"line":35,"column":13}},"11":{"start":{"line":38,"column":4},"end":{"line":38,"column":11}},"12":{"start":{"line":19,"column":13},"end":{"line":19,"column":30}}},"fnMap":{"0":{"name":"(anonymous_0)","decl":{"start":{"line":19,"column":30},"end":{"line":19,"column":31}},"loc":{"start":{"line":19,"column":78},"end":{"line":40,"column":1}}},"1":{"name":"(anonymous_1)","decl":{"start":{"line":20,"column":9},"end":{"line":20,"column":10}},"loc":{"start":{"line":20,"column":67},"end":{"line":39,"column":3}}}},"branchMap":{"0":{"loc":{"start":{"line":26,"column":4},"end":{"line":29,"column":5}},"type":"if","locations":[{"start":{"line":26,"column":4},"end":{"line":29,"column":5}},{"start":{},"end":{}}]},"1":{"loc":{"start":{"line":26,"column":8},"end":{"line":26,"column":33}},"type":"binary-expr","locations":[{"start":{"line":26,"column":8},"end":{"line":26,"column":13}},{"start":{"line":26,"column":17},"end":{"line":26,"column":33}}]},"2":{"loc":{"start":{"line":31,"column":4},"end":{"line":36,"column":5}},"type":"if","locations":[{"start":{"line":31,"column":4},"end":{"line":36,"column":5}},{"start":{},"end":{}}]}},"s":{"0":1,"1":3,"2":2,"3":2,"4":2,"5":2,"6":0,"7":0,"8":2,"9":1,"10":1,"11":1,"12":1},"f":{"0":3,"1":2},"b":{"0":[0,2],"1":[2,2],"2":[1,1]}}
,"C:\\Users\\Korisnik\\Desktop\\Authorization\\ABAC\\server\\src\\middleware\\authMiddleware.ts": {"path":"C:\\Users\\Korisnik\\Desktop\\Authorization\\ABAC\\server\\src\\middleware\\authMiddleware.ts","statementMap":{"0":{"start":{"line":2,"column":0},"end":{"line":2,"column":31}},"1":{"start":{"line":3,"column":0},"end":{"line":3,"column":28}},"2":{"start":{"line":4,"column":0},"end":{"line":4,"column":16}},"3":{"start":{"line":6,"column":27},"end":{"line":33,"column":1}},"4":{"start":{"line":11,"column":21},"end":{"line":11,"column":46}},"5":{"start":{"line":13,"column":2},"end":{"line":16,"column":3}},"6":{"start":{"line":14,"column":4},"end":{"line":14,"column":60}},"7":{"start":{"line":15,"column":4},"end":{"line":15,"column":11}},"8":{"start":{"line":18,"column":16},"end":{"line":18,"column":40}},"9":{"start":{"line":19,"column":17},"end":{"line":19,"column":39}},"10":{"start":{"line":21,"column":2},"end":{"line":23,"column":3}},"11":{"start":{"line":22,"column":4},"end":{"line":22,"column":54}},"12":{"start":{"line":25,"column":2},"end":{"line":32,"column":3}},"13":{"start":{"line":26,"column":20},"end":{"line":26,"column":45}},"14":{"start":{"line":27,"column":4},"end":{"line":27,"column":30}},"15":{"start":{"line":28,"column":4},"end":{"line":28,"column":11}},"16":{"start":{"line":30,"column":4},"end":{"line":30,"column":67}},"17":{"start":{"line":31,"column":4},"end":{"line":31,"column":11}},"18":{"start":{"line":6,"column":13},"end":{"line":6,"column":27}}},"fnMap":{"0":{"name":"(anonymous_1)","decl":{"start":{"line":6,"column":27},"end":{"line":6,"column":null}},"loc":{"start":{"line":10,"column":10},"end":{"line":33,"column":1}}}},"branchMap":{"0":{"loc":{"start":{"line":13,"column":2},"end":{"line":16,"column":3}},"type":"if","locations":[{"start":{"line":13,"column":2},"end":{"line":16,"column":3}},{"start":{},"end":{}}]},"1":{"loc":{"start":{"line":13,"column":6},"end":{"line":13,"column":54}},"type":"binary-expr","locations":[{"start":{"line":13,"column":6},"end":{"line":13,"column":17}},{"start":{"line":13,"column":21},"end":{"line":13,"column":54}}]},"2":{"loc":{"start":{"line":21,"column":2},"end":{"line":23,"column":3}},"type":"if","locations":[{"start":{"line":21,"column":2},"end":{"line":23,"column":3}},{"start":{},"end":{}}]}},"s":{"0":1,"1":1,"2":1,"3":1,"4":3,"5":3,"6":1,"7":1,"8":2,"9":2,"10":2,"11":0,"12":2,"13":2,"14":2,"15":2,"16":0,"17":0,"18":1},"f":{"0":3},"b":{"0":[1,2],"1":[3,2],"2":[0,2]}}
,"C:\\Users\\Korisnik\\Desktop\\Authorization\\ABAC\\server\\src\\models\\userModel.ts": {"path":"C:\\Users\\Korisnik\\Desktop\\Authorization\\ABAC\\server\\src\\models\\userModel.ts","statementMap":{"0":{"start":{"line":7,"column":22},"end":{"line":7,"column":24}},"1":{"start":{"line":9,"column":23},"end":{"line":11,"column":1}},"2":{"start":{"line":10,"column":2},"end":{"line":10,"column":19}},"3":{"start":{"line":9,"column":13},"end":{"line":9,"column":23}},"4":{"start":{"line":13,"column":34},"end":{"line":15,"column":1}},"5":{"start":{"line":14,"column":2},"end":{"line":14,"column":58}},"6":{"start":{"line":14,"column":30},"end":{"line":14,"column":56}},"7":{"start":{"line":13,"column":13},"end":{"line":13,"column":34}}},"fnMap":{"0":{"name":"(anonymous_0)","decl":{"start":{"line":9,"column":23},"end":{"line":9,"column":24}},"loc":{"start":{"line":9,"column":38},"end":{"line":11,"column":1}}},"1":{"name":"(anonymous_1)","decl":{"start":{"line":13,"column":34},"end":{"line":13,"column":35}},"loc":{"start":{"line":13,"column":55},"end":{"line":15,"column":1}}},"2":{"name":"(anonymous_2)","decl":{"start":{"line":14,"column":20},"end":{"line":14,"column":21}},"loc":{"start":{"line":14,"column":30},"end":{"line":14,"column":56}}}},"branchMap":{},"s":{"0":2,"1":2,"2":3,"3":2,"4":2,"5":8,"6":7,"7":2},"f":{"0":3,"1":8,"2":7},"b":{}}
,"C:\\Users\\Korisnik\\Desktop\\Authorization\\ABAC\\server\\src\\routes\\authRoutes.ts": {"path":"C:\\Users\\Korisnik\\Desktop\\Authorization\\ABAC\\server\\src\\routes\\authRoutes.ts","statementMap":{"0":{"start":{"line":1,"column":0},"end":{"line":1,"column":30}},"1":{"start":{"line":2,"column":0},"end":{"line":2,"column":64}},"2":{"start":{"line":4,"column":15},"end":{"line":4,"column":31}},"3":{"start":{"line":6,"column":0},"end":{"line":6,"column":35}},"4":{"start":{"line":7,"column":0},"end":{"line":7,"column":29}},"5":{"start":{"line":9,"column":0},"end":{"line":9,"column":22}}},"fnMap":{},"branchMap":{},"s":{"0":2,"1":2,"2":2,"3":2,"4":2,"5":2},"f":{},"b":{}}
,"C:\\Users\\Korisnik\\Desktop\\Authorization\\ABAC\\server\\src\\routes\\protectedRoutes.ts": {"path":"C:\\Users\\Korisnik\\Desktop\\Authorization\\ABAC\\server\\src\\routes\\protectedRoutes.ts","statementMap":{"0":{"start":{"line":1,"column":0},"end":{"line":1,"column":30}},"1":{"start":{"line":2,"column":0},"end":{"line":2,"column":62}},"2":{"start":{"line":3,"column":0},"end":{"line":3,"column":59}},"3":{"start":{"line":5,"column":15},"end":{"line":5,"column":31}},"4":{"start":{"line":9,"column":0},"end":{"line":16,"column":2}},"5":{"start":{"line":14,"column":4},"end":{"line":14,"column":45}},"6":{"start":{"line":18,"column":0},"end":{"line":25,"column":2}},"7":{"start":{"line":23,"column":4},"end":{"line":23,"column":44}},"8":{"start":{"line":28,"column":0},"end":{"line":35,"column":2}},"9":{"start":{"line":33,"column":4},"end":{"line":33,"column":49}},"10":{"start":{"line":37,"column":0},"end":{"line":37,"column":22}}},"fnMap":{"0":{"name":"(anonymous_1)","decl":{"start":{"line":13,"column":2},"end":{"line":13,"column":3}},"loc":{"start":{"line":13,"column":15},"end":{"line":15,"column":3}}},"1":{"name":"(anonymous_2)","decl":{"start":{"line":22,"column":2},"end":{"line":22,"column":3}},"loc":{"start":{"line":22,"column":15},"end":{"line":24,"column":3}}},"2":{"name":"(anonymous_3)","decl":{"start":{"line":32,"column":2},"end":{"line":32,"column":3}},"loc":{"start":{"line":32,"column":15},"end":{"line":34,"column":3}}}},"branchMap":{},"s":{"0":1,"1":1,"2":1,"3":1,"4":1,"5":1,"6":1,"7":0,"8":1,"9":0,"10":1},"f":{"0":1,"1":0,"2":0},"b":{}}
}
