TN:
SF:src\app.ts
FNF:0
FNH:0
DA:1,1
DA:2,1
DA:3,1
DA:5,1
DA:7,1
DA:8,1
DA:9,1
DA:11,1
LF:8
LH:8
BRF:0
BRH:0
end_of_record
TN:
SF:src\controllers\authController.ts
FN:7,(anonymous_1)
FN:25,(anonymous_2)
FNF:2
FNH:2
FNDA:4,(anonymous_1)
FNDA:4,(anonymous_2)
DA:1,2
DA:3,2
DA:4,2
DA:5,2
DA:7,2
DA:8,4
DA:10,4
DA:11,0
DA:12,0
DA:15,4
DA:16,4
DA:17,1
DA:18,1
DA:21,3
DA:22,3
DA:25,2
DA:26,4
DA:28,4
DA:29,4
DA:30,1
DA:31,1
DA:34,3
DA:35,3
DA:36,0
DA:39,3
DA:44,3
DA:49,3
DA:51,3
LF:28
LH:25
BRDA:10,0,0,0
BRDA:10,0,1,4
BRDA:10,1,0,4
BRDA:10,1,1,4
BRDA:16,2,0,1
BRDA:16,2,1,3
BRDA:21,3,0,3
BRDA:21,3,1,0
BRDA:29,4,0,1
BRDA:29,4,1,3
BRDA:29,5,0,4
BRDA:29,5,1,3
BRDA:35,6,0,0
BRDA:35,6,1,3
BRDA:45,7,0,3
BRDA:45,7,1,0
BRF:16
BRH:12
end_of_record
TN:
SF:src\middleware\abacMiddleware.ts
FN:19,(anonymous_0)
FN:20,(anonymous_1)
FNF:2
FNH:2
FNDA:3,(anonymous_0)
FNDA:2,(anonymous_1)
DA:19,1
DA:20,3
DA:21,2
DA:22,2
DA:24,2
DA:26,2
DA:27,0
DA:28,0
DA:31,2
DA:32,1
DA:35,1
DA:38,1
LF:12
LH:10
BRDA:26,0,0,0
BRDA:26,0,1,2
BRDA:26,1,0,2
BRDA:26,1,1,2
BRDA:31,2,0,1
BRDA:31,2,1,1
BRF:6
BRH:5
end_of_record
TN:
SF:src\middleware\authMiddleware.ts
FN:6,(anonymous_1)
FNF:1
FNH:1
FNDA:3,(anonymous_1)
DA:2,1
DA:3,1
DA:4,1
DA:6,1
DA:11,3
DA:13,3
DA:14,1
DA:15,1
DA:18,2
DA:19,2
DA:21,2
DA:22,0
DA:25,2
DA:26,2
DA:27,2
DA:28,2
DA:30,0
DA:31,0
LF:18
LH:15
BRDA:13,0,0,1
BRDA:13,0,1,2
BRDA:13,1,0,3
BRDA:13,1,1,2
BRDA:21,2,0,0
BRDA:21,2,1,2
BRF:6
BRH:5
end_of_record
TN:
SF:src\models\userModel.ts
FN:9,(anonymous_0)
FN:13,(anonymous_1)
FN:14,(anonymous_2)
FNF:3
FNH:3
FNDA:3,(anonymous_0)
FNDA:8,(anonymous_1)
FNDA:7,(anonymous_2)
DA:7,2
DA:9,2
DA:10,3
DA:13,2
DA:14,8
LF:5
LH:5
BRF:0
BRH:0
end_of_record
TN:
SF:src\routes\authRoutes.ts
FNF:0
FNH:0
DA:1,2
DA:2,2
DA:4,2
DA:6,2
DA:7,2
DA:9,2
LF:6
LH:6
BRF:0
BRH:0
end_of_record
TN:
SF:src\routes\protectedRoutes.ts
FN:13,(anonymous_1)
FN:22,(anonymous_2)
FN:32,(anonymous_3)
FNF:3
FNH:1
FNDA:1,(anonymous_1)
FNDA:0,(anonymous_2)
FNDA:0,(anonymous_3)
DA:1,1
DA:2,1
DA:3,1
DA:5,1
DA:9,1
DA:14,1
DA:18,1
DA:23,0
DA:28,1
DA:33,0
DA:37,1
LF:11
LH:9
BRF:0
BRH:0
end_of_record
